# JRE version: Java(TM) SE Runtime Environment (8.0_211-b12) (build 1.8.0_211-b12)
# Java VM: Java HotSpot(TM) 64-Bit Server VM (25.211-b12 mixed mode windows-amd64 compressed oops)
Heap:
 PSYoungGen      total 244224K, used 67522K [0x00000000d5580000, 0x00000000ea180000, 0x0000000100000000)
  eden space 200192K, 33% used [0x00000000d5580000,0x00000000d9770848,0x00000000e1900000)
  from space 44032K, 0% used [0x00000000e1900000,0x00000000e1900000,0x00000000e4400000)
  to   space 43520K, 0% used [0x00000000e7700000,0x00000000e7700000,0x00000000ea180000)
 ParOldGen       total 236032K, used 41179K [0x0000000080000000, 0x000000008e680000, 0x00000000d5580000)
  object space 236032K, 17% used [0x0000000080000000,0x0000000082836f40,0x000000008e680000)
 Metaspace       used 57037K, capacity 59788K, committed 59904K, reserved 1101824K
  class space    used 7710K, capacity 8439K, committed 8448K, reserved 1048576K
GC Heap History (10 events):
Event: 22.029 GC heap before
{Heap before GC invocations=14 (full 2):
 PSYoungGen      total 179200K, used 179176K [0x00000000d5580000, 0x00000000e3f00000, 0x0000000100000000)
  eden space 158208K, 100% used [0x00000000d5580000,0x00000000df000000,0x00000000df000000)
  from space 20992K, 99% used [0x00000000df000000,0x00000000e047a2e8,0x00000000e0480000)
  to   space 26624K, 0% used [0x00000000e2500000,0x00000000e2500000,0x00000000e3f00000)
 ParOldGen       total 154624K, used 41934K [0x0000000080000000, 0x0000000089700000, 0x00000000d5580000)
  object space 154624K, 27% used [0x0000000080000000,0x00000000828f3b80,0x0000000089700000)
 Metaspace       used 55982K, capacity 58772K, committed 59008K, reserved 1099776K
  class space    used 7565K, capacity 8252K, committed 8320K, reserved 1048576K
Event: 22.065 GC heap after
Heap after GC invocations=14 (full 2):
 PSYoungGen      total 209408K, used 25053K [0x00000000d5580000, 0x00000000e4580000, 0x0000000100000000)
  eden space 182784K, 0% used [0x00000000d5580000,0x00000000d5580000,0x00000000e0800000)
  from space 26624K, 94% used [0x00000000e2500000,0x00000000e3d77708,0x00000000e3f00000)
  to   space 29696K, 0% used [0x00000000e0800000,0x00000000e0800000,0x00000000e2500000)
 ParOldGen       total 154624K, used 46233K [0x0000000080000000, 0x0000000089700000, 0x00000000d5580000)
  object space 154624K, 29% used [0x0000000080000000,0x0000000082d26768,0x0000000089700000)
 Metaspace       used 55982K, capacity 58772K, committed 59008K, reserved 1099776K
  class space    used 7565K, capacity 8252K, committed 8320K, reserved 1048576K
}
Event: 26.205 GC heap before
{Heap before GC invocations=15 (full 2):
 PSYoungGen      total 209408K, used 207837K [0x00000000d5580000, 0x00000000e4580000, 0x0000000100000000)
  eden space 182784K, 100% used [0x00000000d5580000,0x00000000e0800000,0x00000000e0800000)
  from space 26624K, 94% used [0x00000000e2500000,0x00000000e3d77708,0x00000000e3f00000)
  to   space 29696K, 0% used [0x00000000e0800000,0x00000000e0800000,0x00000000e2500000)
 ParOldGen       total 154624K, used 46233K [0x0000000080000000, 0x0000000089700000, 0x00000000d5580000)
  object space 154624K, 29% used [0x0000000080000000,0x0000000082d26768,0x0000000089700000)
 Metaspace       used 56118K, capacity 58846K, committed 59008K, reserved 1099776K
  class space    used 7590K, capacity 8258K, committed 8320K, reserved 1048576K
Event: 26.226 GC heap after
Heap after GC invocations=15 (full 2):
 PSYoungGen      total 212480K, used 26417K [0x00000000d5580000, 0x00000000e6400000, 0x0000000100000000)
  eden space 182784K, 0% used [0x00000000d5580000,0x00000000d5580000,0x00000000e0800000)
  from space 29696K, 88% used [0x00000000e0800000,0x00000000e21cc510,0x00000000e2500000)
  to   space 32768K, 0% used [0x00000000e4400000,0x00000000e4400000,0x00000000e6400000)
 ParOldGen       total 154624K, used 46241K [0x0000000080000000, 0x0000000089700000, 0x00000000d5580000)
  object space 154624K, 29% used [0x0000000080000000,0x0000000082d28768,0x0000000089700000)
 Metaspace       used 56118K, capacity 58846K, committed 59008K, reserved 1099776K
  class space    used 7590K, capacity 8258K, committed 8320K, reserved 1048576K
}
Event: 29.366 GC heap before
{Heap before GC invocations=16 (full 2):
 PSYoungGen      total 212480K, used 209201K [0x00000000d5580000, 0x00000000e6400000, 0x0000000100000000)
  eden space 182784K, 100% used [0x00000000d5580000,0x00000000e0800000,0x00000000e0800000)
  from space 29696K, 88% used [0x00000000e0800000,0x00000000e21cc510,0x00000000e2500000)
  to   space 32768K, 0% used [0x00000000e4400000,0x00000000e4400000,0x00000000e6400000)
 ParOldGen       total 154624K, used 46241K [0x0000000080000000, 0x0000000089700000, 0x00000000d5580000)
  object space 154624K, 29% used [0x0000000080000000,0x0000000082d28768,0x0000000089700000)
 Metaspace       used 56235K, capacity 58974K, committed 59096K, reserved 1099776K
  class space    used 7590K, capacity 8258K, committed 8320K, reserved 1048576K
Event: 29.494 GC heap after
Heap after GC invocations=16 (full 2):
 PSYoungGen      total 232960K, used 32745K [0x00000000d5580000, 0x00000000e8400000, 0x0000000100000000)
  eden space 200192K, 0% used [0x00000000d5580000,0x00000000d5580000,0x00000000e1900000)
  from space 32768K, 99% used [0x00000000e4400000,0x00000000e63fa4c0,0x00000000e6400000)
  to   space 44032K, 0% used [0x00000000e1900000,0x00000000e1900000,0x00000000e4400000)
 ParOldGen       total 154624K, used 63042K [0x0000000080000000, 0x0000000089700000, 0x00000000d5580000)
  object space 154624K, 40% used [0x0000000080000000,0x0000000083d908e8,0x0000000089700000)
 Metaspace       used 56235K, capacity 58974K, committed 59096K, reserved 1099776K
  class space    used 7590K, capacity 8258K, committed 8320K, reserved 1048576K
}
Event: 30.015 GC heap before
{Heap before GC invocations=17 (full 2):
 PSYoungGen      total 232960K, used 71896K [0x00000000d5580000, 0x00000000e8400000, 0x0000000100000000)
  eden space 200192K, 19% used [0x00000000d5580000,0x00000000d7bbbed8,0x00000000e1900000)
  from space 32768K, 99% used [0x00000000e4400000,0x00000000e63fa4c0,0x00000000e6400000)
  to   space 44032K, 0% used [0x00000000e1900000,0x00000000e1900000,0x00000000e4400000)
 ParOldGen       total 154624K, used 63042K [0x0000000080000000, 0x0000000089700000, 0x00000000d5580000)
  object space 154624K, 40% used [0x0000000080000000,0x0000000083d908e8,0x0000000089700000)
 Metaspace       used 56267K, capacity 59012K, committed 59096K, reserved 1099776K
  class space    used 7594K, capacity 8292K, committed 8320K, reserved 1048576K
Event: 30.044 GC heap after
Heap after GC invocations=17 (full 2):
 PSYoungGen      total 244224K, used 24442K [0x00000000d5580000, 0x00000000ea180000, 0x0000000100000000)
  eden space 200192K, 0% used [0x00000000d5580000,0x00000000d5580000,0x00000000e1900000)
  from space 44032K, 55% used [0x00000000e1900000,0x00000000e30dea58,0x00000000e4400000)
  to   space 43520K, 0% used [0x00000000e7700000,0x00000000e7700000,0x00000000ea180000)
 ParOldGen       total 154624K, used 64262K [0x0000000080000000, 0x0000000089700000, 0x00000000d5580000)
  object space 154624K, 41% used [0x0000000080000000,0x0000000083ec18f8,0x0000000089700000)
 Metaspace       used 56267K, capacity 59012K, committed 59096K, reserved 1099776K
  class space    used 7594K, capacity 8292K, committed 8320K, reserved 1048576K
}
Event: 30.044 GC heap before
{Heap before GC invocations=18 (full 3):
 PSYoungGen      total 244224K, used 24442K [0x00000000d5580000, 0x00000000ea180000, 0x0000000100000000)
  eden space 200192K, 0% used [0x00000000d5580000,0x00000000d5580000,0x00000000e1900000)
  from space 44032K, 55% used [0x00000000e1900000,0x00000000e30dea58,0x00000000e4400000)
  to   space 43520K, 0% used [0x00000000e7700000,0x00000000e7700000,0x00000000ea180000)
 ParOldGen       total 154624K, used 64262K [0x0000000080000000, 0x0000000089700000, 0x00000000d5580000)
  object space 154624K, 41% used [0x0000000080000000,0x0000000083ec18f8,0x0000000089700000)
 Metaspace       used 56267K, capacity 59012K, committed 59096K, reserved 1099776K
  class space    used 7594K, capacity 8292K, committed 8320K, reserved 1048576K
Event: 30.289 GC heap after
Heap after GC invocations=18 (full 3):
 PSYoungGen      total 244224K, used 0K [0x00000000d5580000, 0x00000000ea180000, 0x0000000100000000)
  eden space 200192K, 0% used [0x00000000d5580000,0x00000000d5580000,0x00000000e1900000)
  from space 44032K, 0% used [0x00000000e1900000,0x00000000e1900000,0x00000000e4400000)
  to   space 43520K, 0% used [0x00000000e7700000,0x00000000e7700000,0x00000000ea180000)
 ParOldGen       total 236032K, used 41179K [0x0000000080000000, 0x000000008e680000, 0x00000000d5580000)
  object space 236032K, 17% used [0x0000000080000000,0x0000000082836f40,0x000000008e680000)
 Metaspace       used 56177K, capacity 58758K, committed 59096K, reserved 1099776K
  class space    used 7569K, capacity 8255K, committed 8320K, reserved 1048576K
}

